<?xml version="1.0" encoding="UTF-8"?>
<!-- Generated by org.testng.reporters.JUnitReportReporter -->
<testsuite skipped="0" hostname="Daria-PC" name="com.booking.test.MailAutomationTest" tests="1" failures="0" timestamp="18 сен 2018 21:19:21 GMT" time="20.119" errors="0">
  <testcase name="testAvailableHotels" time="20.119" classname="com.booking.test.MailAutomationTest"/>
</testsuite> <!-- com.booking.test.MailAutomationTest -->
